
 /----------------------------------------------------------------------------\
 |                                                                            |
 |  yosys -- Yosys Open SYnthesis Suite                                       |
 |                                                                            |
 |  Copyright (C) 2012 - 2019  Clifford Wolf <clifford@clifford.at>           |
 |                                                                            |
 |  Permission to use, copy, modify, and/or distribute this software for any  |
 |  purpose with or without fee is hereby granted, provided that the above    |
 |  copyright notice and this permission notice appear in all copies.         |
 |                                                                            |
 |  THE SOFTWARE IS PROVIDED "AS IS" AND THE AUTHOR DISCLAIMS ALL WARRANTIES  |
 |  WITH REGARD TO THIS SOFTWARE INCLUDING ALL IMPLIED WARRANTIES OF          |
 |  MERCHANTABILITY AND FITNESS. IN NO EVENT SHALL THE AUTHOR BE LIABLE FOR   |
 |  ANY SPECIAL, DIRECT, INDIRECT, OR CONSEQUENTIAL DAMAGES OR ANY DAMAGES    |
 |  WHATSOEVER RESULTING FROM LOSS OF USE, DATA OR PROFITS, WHETHER IN AN     |
 |  ACTION OF CONTRACT, NEGLIGENCE OR OTHER TORTIOUS ACTION, ARISING OUT OF   |
 |  OR IN CONNECTION WITH THE USE OR PERFORMANCE OF THIS SOFTWARE.            |
 |                                                                            |
 \----------------------------------------------------------------------------/

 Yosys 0.9 (git sha1 1979e0b)


-- Parsing `src/hc21_z80_interface.v' using frontend `verilog' --

1. Executing Verilog-2005 frontend: src/hc21_z80_interface.v
Parsing Verilog input from `src/hc21_z80_interface.v' to AST representation.
Generating RTLIL representation for module `\hc21_z80_interface'.
Warning: wire '\cpu_wait_n' is assigned in a block at src/hc21_z80_interface.v:39.
Warning: wire '\cm' is assigned in a block at src/hc21_z80_interface.v:45.
Warning: wire '\cm' is assigned in a block at src/hc21_z80_interface.v:46.
Warning: wire '\cm' is assigned in a block at src/hc21_z80_interface.v:47.
Warning: wire '\busstb_n' is assigned in a block at src/hc21_z80_interface.v:50.
Warning: wire '\intack' is assigned in a block at src/hc21_z80_interface.v:53.
Warning: wire '\bufout' is assigned in a block at src/hc21_z80_interface.v:56.
Successfully finished Verilog frontend.

-- Running command `synth' --

2. Executing SYNTH pass.

2.1. Executing HIERARCHY pass (managing design hierarchy).

2.2. Executing PROC pass (convert processes to netlists).

2.2.1. Executing PROC_CLEAN pass (remove empty switches from decision trees).
Cleaned up 0 empty switches.

2.2.2. Executing PROC_RMDEAD pass (remove dead branches from decision trees).
Removed a total of 0 dead cases.

2.2.3. Executing PROC_INIT pass (extract init attributes).

2.2.4. Executing PROC_ARST pass (detect async resets in processes).

2.2.5. Executing PROC_MUX pass (convert decision trees to multiplexers).
Creating decoders for process `\hc21_z80_interface.$proc$src/hc21_z80_interface.v:35$1'.
     1/7: $0\bufout[0:0]
     2/7: $0\intack[0:0]
     3/7: $0\busstb_n[0:0]
     4/7: $0\cm[2:0] [2]
     5/7: $0\cm[2:0] [1]
     6/7: $0\cm[2:0] [0]
     7/7: $0\cpu_wait_n[0:0]

2.2.6. Executing PROC_DLATCH pass (convert process syncs to latches).

2.2.7. Executing PROC_DFF pass (convert process syncs to FFs).
Creating register for signal `\hc21_z80_interface.\cpu_wait_n' using process `\hc21_z80_interface.$proc$src/hc21_z80_interface.v:35$1'.
  created $dff cell `$procdff$42' with positive edge clock.
Creating register for signal `\hc21_z80_interface.\cm' using process `\hc21_z80_interface.$proc$src/hc21_z80_interface.v:35$1'.
  created $dff cell `$procdff$43' with positive edge clock.
Creating register for signal `\hc21_z80_interface.\bufout' using process `\hc21_z80_interface.$proc$src/hc21_z80_interface.v:35$1'.
  created $dff cell `$procdff$44' with positive edge clock.
Creating register for signal `\hc21_z80_interface.\busstb_n' using process `\hc21_z80_interface.$proc$src/hc21_z80_interface.v:35$1'.
  created $dff cell `$procdff$45' with positive edge clock.
Creating register for signal `\hc21_z80_interface.\intack' using process `\hc21_z80_interface.$proc$src/hc21_z80_interface.v:35$1'.
  created $dff cell `$procdff$46' with positive edge clock.

2.2.8. Executing PROC_CLEAN pass (remove empty switches from decision trees).
Removing empty process `hc21_z80_interface.$proc$src/hc21_z80_interface.v:35$1'.
Cleaned up 0 empty switches.

2.3. Executing OPT_EXPR pass (perform const folding).
Optimizing module hc21_z80_interface.

2.4. Executing OPT_CLEAN pass (remove unused cells and wires).
Finding unused cells or wires in module \hc21_z80_interface..
Removed 0 unused cells and 7 unused wires.
<suppressed ~1 debug messages>

2.5. Executing CHECK pass (checking for obvious problems).
checking module hc21_z80_interface..
found and reported 0 problems.

2.6. Executing OPT pass (performing simple optimizations).

2.6.1. Executing OPT_EXPR pass (perform const folding).
Optimizing module hc21_z80_interface.

2.6.2. Executing OPT_MERGE pass (detect identical cells).
Finding identical cells in module `\hc21_z80_interface'.
<suppressed ~48 debug messages>
Removed a total of 16 cells.

2.6.3. Executing OPT_MUXTREE pass (detect dead branches in mux trees).
Running muxtree optimizer on module \hc21_z80_interface..
  Creating internal representation of mux trees.
  No muxes found in this module.
Removed 0 multiplexer ports.

2.6.4. Executing OPT_REDUCE pass (consolidate $*mux and $reduce_* inputs).
  Optimizing cells in module \hc21_z80_interface.
Performed a total of 0 changes.

2.6.5. Executing OPT_MERGE pass (detect identical cells).
Finding identical cells in module `\hc21_z80_interface'.
Removed a total of 0 cells.

2.6.6. Executing OPT_RMDFF pass (remove dff with constant values).

2.6.7. Executing OPT_CLEAN pass (remove unused cells and wires).
Finding unused cells or wires in module \hc21_z80_interface..
Removed 0 unused cells and 16 unused wires.
<suppressed ~1 debug messages>

2.6.8. Executing OPT_EXPR pass (perform const folding).
Optimizing module hc21_z80_interface.

2.6.9. Finished OPT passes. (There is nothing left to do.)

2.7. Executing WREDUCE pass (reducing word size of cells).

2.8. Executing PEEPOPT pass (run peephole optimizers).

2.9. Executing OPT_CLEAN pass (remove unused cells and wires).
Finding unused cells or wires in module \hc21_z80_interface..

2.10. Executing TECHMAP pass (map to technology primitives).

2.10.1. Executing Verilog-2005 frontend: /usr/bin/../share/yosys/cmp2lut.v
Parsing Verilog input from `/usr/bin/../share/yosys/cmp2lut.v' to AST representation.
Generating RTLIL representation for module `\_90_lut_cmp_'.
Successfully finished Verilog frontend.

2.10.2. Continuing TECHMAP pass.
No more expansions possible.

2.11. Executing ALUMACC pass (create $alu and $macc cells).
Extracting $alu and $macc cells in module hc21_z80_interface:
  created 0 $alu and 0 $macc cells.

2.12. Executing SHARE pass (SAT-based resource sharing).

2.13. Executing OPT pass (performing simple optimizations).

2.13.1. Executing OPT_EXPR pass (perform const folding).
Optimizing module hc21_z80_interface.

2.13.2. Executing OPT_MERGE pass (detect identical cells).
Finding identical cells in module `\hc21_z80_interface'.
Removed a total of 0 cells.

2.13.3. Executing OPT_MUXTREE pass (detect dead branches in mux trees).
Running muxtree optimizer on module \hc21_z80_interface..
  Creating internal representation of mux trees.
  No muxes found in this module.
Removed 0 multiplexer ports.

2.13.4. Executing OPT_REDUCE pass (consolidate $*mux and $reduce_* inputs).
  Optimizing cells in module \hc21_z80_interface.
Performed a total of 0 changes.

2.13.5. Executing OPT_MERGE pass (detect identical cells).
Finding identical cells in module `\hc21_z80_interface'.
Removed a total of 0 cells.

2.13.6. Executing OPT_RMDFF pass (remove dff with constant values).

2.13.7. Executing OPT_CLEAN pass (remove unused cells and wires).
Finding unused cells or wires in module \hc21_z80_interface..

2.13.8. Executing OPT_EXPR pass (perform const folding).
Optimizing module hc21_z80_interface.

2.13.9. Finished OPT passes. (There is nothing left to do.)

2.14. Executing FSM pass (extract and optimize FSM).

2.14.1. Executing FSM_DETECT pass (finding FSMs in design).

2.14.2. Executing FSM_EXTRACT pass (extracting FSM from design).

2.14.3. Executing FSM_OPT pass (simple optimizations of FSMs).

2.14.4. Executing OPT_CLEAN pass (remove unused cells and wires).
Finding unused cells or wires in module \hc21_z80_interface..

2.14.5. Executing FSM_OPT pass (simple optimizations of FSMs).

2.14.6. Executing FSM_RECODE pass (re-assigning FSM state encoding).

2.14.7. Executing FSM_INFO pass (dumping all available information on FSM cells).

2.14.8. Executing FSM_MAP pass (mapping FSMs to basic logic).

2.15. Executing OPT pass (performing simple optimizations).

2.15.1. Executing OPT_EXPR pass (perform const folding).
Optimizing module hc21_z80_interface.

2.15.2. Executing OPT_MERGE pass (detect identical cells).
Finding identical cells in module `\hc21_z80_interface'.
Removed a total of 0 cells.

2.15.3. Executing OPT_RMDFF pass (remove dff with constant values).

2.15.4. Executing OPT_CLEAN pass (remove unused cells and wires).
Finding unused cells or wires in module \hc21_z80_interface..

2.15.5. Finished fast OPT passes.

2.16. Executing MEMORY pass.

2.16.1. Executing MEMORY_DFF pass (merging $dff cells to $memrd and $memwr).

2.16.2. Executing OPT_CLEAN pass (remove unused cells and wires).
Finding unused cells or wires in module \hc21_z80_interface..

2.16.3. Executing MEMORY_SHARE pass (consolidating $memrd/$memwr cells).

2.16.4. Executing OPT_CLEAN pass (remove unused cells and wires).
Finding unused cells or wires in module \hc21_z80_interface..

2.16.5. Executing MEMORY_COLLECT pass (generating $mem cells).

2.17. Executing OPT_CLEAN pass (remove unused cells and wires).
Finding unused cells or wires in module \hc21_z80_interface..

2.18. Executing OPT pass (performing simple optimizations).

2.18.1. Executing OPT_EXPR pass (perform const folding).
Optimizing module hc21_z80_interface.

2.18.2. Executing OPT_MERGE pass (detect identical cells).
Finding identical cells in module `\hc21_z80_interface'.
Removed a total of 0 cells.

2.18.3. Executing OPT_RMDFF pass (remove dff with constant values).

2.18.4. Executing OPT_CLEAN pass (remove unused cells and wires).
Finding unused cells or wires in module \hc21_z80_interface..

2.18.5. Finished fast OPT passes.

2.19. Executing MEMORY_MAP pass (converting $mem cells to logic and flip-flops).

2.20. Executing OPT pass (performing simple optimizations).

2.20.1. Executing OPT_EXPR pass (perform const folding).
Optimizing module hc21_z80_interface.

2.20.2. Executing OPT_MERGE pass (detect identical cells).
Finding identical cells in module `\hc21_z80_interface'.
Removed a total of 0 cells.

2.20.3. Executing OPT_MUXTREE pass (detect dead branches in mux trees).
Running muxtree optimizer on module \hc21_z80_interface..
  Creating internal representation of mux trees.
  No muxes found in this module.
Removed 0 multiplexer ports.

2.20.4. Executing OPT_REDUCE pass (consolidate $*mux and $reduce_* inputs).
  Optimizing cells in module \hc21_z80_interface.
Performed a total of 0 changes.

2.20.5. Executing OPT_MERGE pass (detect identical cells).
Finding identical cells in module `\hc21_z80_interface'.
Removed a total of 0 cells.

2.20.6. Executing OPT_RMDFF pass (remove dff with constant values).

2.20.7. Executing OPT_CLEAN pass (remove unused cells and wires).
Finding unused cells or wires in module \hc21_z80_interface..

2.20.8. Executing OPT_EXPR pass (perform const folding).
Optimizing module hc21_z80_interface.

2.20.9. Finished OPT passes. (There is nothing left to do.)

2.21. Executing TECHMAP pass (map to technology primitives).

2.21.1. Executing Verilog-2005 frontend: <techmap.v>
Parsing Verilog input from `<techmap.v>' to AST representation.
Generating RTLIL representation for module `\_90_simplemap_bool_ops'.
Generating RTLIL representation for module `\_90_simplemap_reduce_ops'.
Generating RTLIL representation for module `\_90_simplemap_logic_ops'.
Generating RTLIL representation for module `\_90_simplemap_compare_ops'.
Generating RTLIL representation for module `\_90_simplemap_various'.
Generating RTLIL representation for module `\_90_simplemap_registers'.
Generating RTLIL representation for module `\_90_shift_ops_shr_shl_sshl_sshr'.
Generating RTLIL representation for module `\_90_shift_shiftx'.
Generating RTLIL representation for module `\_90_fa'.
Generating RTLIL representation for module `\_90_lcu'.
Generating RTLIL representation for module `\_90_alu'.
Generating RTLIL representation for module `\_90_macc'.
Generating RTLIL representation for module `\_90_alumacc'.
Generating RTLIL representation for module `\$__div_mod_u'.
Generating RTLIL representation for module `\$__div_mod'.
Generating RTLIL representation for module `\_90_div'.
Generating RTLIL representation for module `\_90_mod'.
Generating RTLIL representation for module `\_90_pow'.
Generating RTLIL representation for module `\_90_pmux'.
Generating RTLIL representation for module `\_90_lut'.
Successfully finished Verilog frontend.

2.21.2. Continuing TECHMAP pass.
Using extmapper simplemap for cells of type $dff.
Using extmapper simplemap for cells of type $and.
Using extmapper simplemap for cells of type $not.
Using extmapper simplemap for cells of type $or.
No more expansions possible.
<suppressed ~29 debug messages>

2.22. Executing OPT pass (performing simple optimizations).

2.22.1. Executing OPT_EXPR pass (perform const folding).
Optimizing module hc21_z80_interface.

2.22.2. Executing OPT_MERGE pass (detect identical cells).
Finding identical cells in module `\hc21_z80_interface'.
Removed a total of 0 cells.

2.22.3. Executing OPT_RMDFF pass (remove dff with constant values).

2.22.4. Executing OPT_CLEAN pass (remove unused cells and wires).
Finding unused cells or wires in module \hc21_z80_interface..

2.22.5. Finished fast OPT passes.

2.23. Executing ABC pass (technology mapping using ABC).

2.23.1. Extracting gate netlist of module `\hc21_z80_interface' to `<abc-temp-dir>/input.blif'..
Extracted 24 gates and 34 wires to a netlist network with 10 inputs and 7 outputs.

2.23.1.1. Executing ABC.
Running ABC command: berkeley-abc -s -f <abc-temp-dir>/abc.script 2>&1
ABC: ABC command line: "source <abc-temp-dir>/abc.script".
ABC: 
ABC: + read_blif <abc-temp-dir>/input.blif 
ABC: + read_library <abc-temp-dir>/stdcells.genlib 
ABC: Entered genlib library with 17 gates from file "<abc-temp-dir>/stdcells.genlib".
ABC: + strash 
ABC: + dretime 
ABC: + retime 
ABC: + map 
ABC: + write_blif <abc-temp-dir>/output.blif 

2.23.1.2. Re-integrating ABC results.
ABC RESULTS:               AND cells:        1
ABC RESULTS:            ANDNOT cells:        4
ABC RESULTS:              AOI3 cells:        2
ABC RESULTS:              NAND cells:        1
ABC RESULTS:               NOR cells:        1
ABC RESULTS:               NOT cells:        4
ABC RESULTS:              OAI3 cells:        2
ABC RESULTS:                OR cells:        1
ABC RESULTS:             ORNOT cells:        3
ABC RESULTS:        internal signals:       17
ABC RESULTS:           input signals:       10
ABC RESULTS:          output signals:        7
Removing temp directory.

2.24. Executing OPT pass (performing simple optimizations).

2.24.1. Executing OPT_EXPR pass (perform const folding).
Optimizing module hc21_z80_interface.

2.24.2. Executing OPT_MERGE pass (detect identical cells).
Finding identical cells in module `\hc21_z80_interface'.
Removed a total of 0 cells.

2.24.3. Executing OPT_RMDFF pass (remove dff with constant values).

2.24.4. Executing OPT_CLEAN pass (remove unused cells and wires).
Finding unused cells or wires in module \hc21_z80_interface..
Removed 0 unused cells and 34 unused wires.
<suppressed ~1 debug messages>

2.24.5. Finished fast OPT passes.

2.25. Executing HIERARCHY pass (managing design hierarchy).

2.26. Printing statistics.

=== hc21_z80_interface ===

   Number of wires:                 32
   Number of wire bits:             36
   Number of public wires:          15
   Number of public wire bits:      17
   Number of memories:               0
   Number of memory bits:            0
   Number of processes:              0
   Number of cells:                 26
     $_ANDNOT_                       4
     $_AND_                          1
     $_AOI3_                         2
     $_DFF_P_                        7
     $_NAND_                         1
     $_NOR_                          1
     $_NOT_                          4
     $_OAI3_                         2
     $_ORNOT_                        3
     $_OR_                           1

2.27. Executing CHECK pass (checking for obvious problems).
checking module hc21_z80_interface..
found and reported 0 problems.

-- Writing to `output/hc21_z80_interface.blif' using backend `blif' --

3. Executing BLIF backend.

Warnings: 7 unique messages, 7 total
End of script. Logfile hash: 607f8cf307
CPU: user 0.08s system 0.00s, MEM: 15.95 MB total, 10.47 MB resident
Yosys 0.9 (git sha1 1979e0b)
Time spent: 21% 13x opt_clean (0 sec), 15% 11x opt_expr (0 sec), ...
