
 /----------------------------------------------------------------------------\
 |                                                                            |
 |  yosys -- Yosys Open SYnthesis Suite                                       |
 |                                                                            |
 |  Copyright (C) 2012 - 2019  Clifford Wolf <clifford@clifford.at>           |
 |                                                                            |
 |  Permission to use, copy, modify, and/or distribute this software for any  |
 |  purpose with or without fee is hereby granted, provided that the above    |
 |  copyright notice and this permission notice appear in all copies.         |
 |                                                                            |
 |  THE SOFTWARE IS PROVIDED "AS IS" AND THE AUTHOR DISCLAIMS ALL WARRANTIES  |
 |  WITH REGARD TO THIS SOFTWARE INCLUDING ALL IMPLIED WARRANTIES OF          |
 |  MERCHANTABILITY AND FITNESS. IN NO EVENT SHALL THE AUTHOR BE LIABLE FOR   |
 |  ANY SPECIAL, DIRECT, INDIRECT, OR CONSEQUENTIAL DAMAGES OR ANY DAMAGES    |
 |  WHATSOEVER RESULTING FROM LOSS OF USE, DATA OR PROFITS, WHETHER IN AN     |
 |  ACTION OF CONTRACT, NEGLIGENCE OR OTHER TORTIOUS ACTION, ARISING OUT OF   |
 |  OR IN CONNECTION WITH THE USE OR PERFORMANCE OF THIS SOFTWARE.            |
 |                                                                            |
 \----------------------------------------------------------------------------/

 Yosys 0.9 (git sha1 1979e0b)


-- Parsing `src/hc21_int_handler.v' using frontend `verilog' --

1. Executing Verilog-2005 frontend: src/hc21_int_handler.v
Parsing Verilog input from `src/hc21_int_handler.v' to AST representation.
Warning: Yosys has only limited support for tri-state logic at the moment. (src/hc21_int_handler.v:36)
Generating RTLIL representation for module `\hc21_int_handler'.
Warning: wire '\addr' is assigned in a block at src/hc21_int_handler.v:28.
Warning: wire '\addr' is assigned in a block at src/hc21_int_handler.v:29.
Warning: wire '\addr' is assigned in a block at src/hc21_int_handler.v:30.
Warning: wire '\addr' is assigned in a block at src/hc21_int_handler.v:31.
Warning: wire '\addr' is assigned in a block at src/hc21_int_handler.v:32.
Warning: wire '\addr' is assigned in a block at src/hc21_int_handler.v:33.
Warning: wire '\addr' is assigned in a block at src/hc21_int_handler.v:34.
Warning: wire '\addr' is assigned in a block at src/hc21_int_handler.v:35.
Warning: wire '\addr' is assigned in a block at src/hc21_int_handler.v:36.
Warning: wire '\cpu_nmi_n' is assigned in a block at src/hc21_int_handler.v:40.
Warning: wire '\cpu_int_n' is assigned in a block at src/hc21_int_handler.v:43.
Warning: wire '\busak_n' is assigned in a block at src/hc21_int_handler.v:46.
Warning: wire '\busak_n' is assigned in a block at src/hc21_int_handler.v:47.
Warning: wire '\cpu_busrq_n' is assigned in a block at src/hc21_int_handler.v:50.
Successfully finished Verilog frontend.

-- Running command `synth' --

2. Executing SYNTH pass.

2.1. Executing HIERARCHY pass (managing design hierarchy).

2.2. Executing PROC pass (convert processes to netlists).

2.2.1. Executing PROC_CLEAN pass (remove empty switches from decision trees).
Cleaned up 0 empty switches.

2.2.2. Executing PROC_RMDEAD pass (remove dead branches from decision trees).
Marked 1 switch rules as full_case in process $proc$src/hc21_int_handler.v:23$1 in module hc21_int_handler.
Removed a total of 0 dead cases.

2.2.3. Executing PROC_INIT pass (extract init attributes).

2.2.4. Executing PROC_ARST pass (detect async resets in processes).

2.2.5. Executing PROC_MUX pass (convert decision trees to multiplexers).
Creating decoders for process `\hc21_int_handler.$proc$src/hc21_int_handler.v:23$1'.
     1/6: $0\cpu_busrq_n[0:0]
     2/6: $0\busak_n[1:0] [1]
     3/6: $0\busak_n[1:0] [0]
     4/6: $0\cpu_int_n[0:0]
     5/6: $0\cpu_nmi_n[0:0]
     6/6: $0\addr[2:0]

2.2.6. Executing PROC_DLATCH pass (convert process syncs to latches).

2.2.7. Executing PROC_DFF pass (convert process syncs to FFs).
Creating register for signal `\hc21_int_handler.\cpu_busrq_n' using process `\hc21_int_handler.$proc$src/hc21_int_handler.v:23$1'.
  created $dff cell `$procdff$29' with positive edge clock.
Creating register for signal `\hc21_int_handler.\cpu_int_n' using process `\hc21_int_handler.$proc$src/hc21_int_handler.v:23$1'.
  created $dff cell `$procdff$30' with positive edge clock.
Creating register for signal `\hc21_int_handler.\cpu_nmi_n' using process `\hc21_int_handler.$proc$src/hc21_int_handler.v:23$1'.
  created $dff cell `$procdff$31' with positive edge clock.
Creating register for signal `\hc21_int_handler.\addr' using process `\hc21_int_handler.$proc$src/hc21_int_handler.v:23$1'.
  created $dff cell `$procdff$32' with positive edge clock.
Creating register for signal `\hc21_int_handler.\busak_n' using process `\hc21_int_handler.$proc$src/hc21_int_handler.v:23$1'.
  created $dff cell `$procdff$33' with positive edge clock.

2.2.8. Executing PROC_CLEAN pass (remove empty switches from decision trees).
Found and cleaned up 1 empty switch in `\hc21_int_handler.$proc$src/hc21_int_handler.v:23$1'.
Removing empty process `hc21_int_handler.$proc$src/hc21_int_handler.v:23$1'.
Cleaned up 1 empty switch.

2.3. Executing OPT_EXPR pass (perform const folding).
Optimizing module hc21_int_handler.

2.4. Executing OPT_CLEAN pass (remove unused cells and wires).
Finding unused cells or wires in module \hc21_int_handler..
Removed 0 unused cells and 6 unused wires.
<suppressed ~1 debug messages>

2.5. Executing CHECK pass (checking for obvious problems).
checking module hc21_int_handler..
found and reported 0 problems.

2.6. Executing OPT pass (performing simple optimizations).

2.6.1. Executing OPT_EXPR pass (perform const folding).
Optimizing module hc21_int_handler.

2.6.2. Executing OPT_MERGE pass (detect identical cells).
Finding identical cells in module `\hc21_int_handler'.
<suppressed ~3 debug messages>
Removed a total of 1 cells.

2.6.3. Executing OPT_MUXTREE pass (detect dead branches in mux trees).
Running muxtree optimizer on module \hc21_int_handler..
  Creating internal representation of mux trees.
  Evaluating internal representation of mux trees.
  Analyzing evaluation results.
Removed 0 multiplexer ports.
<suppressed ~1 debug messages>

2.6.4. Executing OPT_REDUCE pass (consolidate $*mux and $reduce_* inputs).
  Optimizing cells in module \hc21_int_handler.
Performed a total of 0 changes.

2.6.5. Executing OPT_MERGE pass (detect identical cells).
Finding identical cells in module `\hc21_int_handler'.
Removed a total of 0 cells.

2.6.6. Executing OPT_RMDFF pass (remove dff with constant values).

2.6.7. Executing OPT_CLEAN pass (remove unused cells and wires).
Finding unused cells or wires in module \hc21_int_handler..
Removed 0 unused cells and 1 unused wires.
<suppressed ~1 debug messages>

2.6.8. Executing OPT_EXPR pass (perform const folding).
Optimizing module hc21_int_handler.

2.6.9. Finished OPT passes. (There is nothing left to do.)

2.7. Executing WREDUCE pass (reducing word size of cells).
Removed top 1 bits (of 8) from port B of cell hc21_int_handler.$procmux$28_CMP0 ($eq).

2.8. Executing PEEPOPT pass (run peephole optimizers).

2.9. Executing OPT_CLEAN pass (remove unused cells and wires).
Finding unused cells or wires in module \hc21_int_handler..

2.10. Executing TECHMAP pass (map to technology primitives).

2.10.1. Executing Verilog-2005 frontend: /usr/bin/../share/yosys/cmp2lut.v
Parsing Verilog input from `/usr/bin/../share/yosys/cmp2lut.v' to AST representation.
Generating RTLIL representation for module `\_90_lut_cmp_'.
Successfully finished Verilog frontend.

2.10.2. Continuing TECHMAP pass.
No more expansions possible.
<suppressed ~132 debug messages>

2.11. Executing ALUMACC pass (create $alu and $macc cells).
Extracting $alu and $macc cells in module hc21_int_handler:
  created 0 $alu and 0 $macc cells.

2.12. Executing SHARE pass (SAT-based resource sharing).

2.13. Executing OPT pass (performing simple optimizations).

2.13.1. Executing OPT_EXPR pass (perform const folding).
Optimizing module hc21_int_handler.

2.13.2. Executing OPT_MERGE pass (detect identical cells).
Finding identical cells in module `\hc21_int_handler'.
Removed a total of 0 cells.

2.13.3. Executing OPT_MUXTREE pass (detect dead branches in mux trees).
Running muxtree optimizer on module \hc21_int_handler..
  Creating internal representation of mux trees.
  Evaluating internal representation of mux trees.
  Analyzing evaluation results.
Removed 0 multiplexer ports.
<suppressed ~1 debug messages>

2.13.4. Executing OPT_REDUCE pass (consolidate $*mux and $reduce_* inputs).
  Optimizing cells in module \hc21_int_handler.
Performed a total of 0 changes.

2.13.5. Executing OPT_MERGE pass (detect identical cells).
Finding identical cells in module `\hc21_int_handler'.
Removed a total of 0 cells.

2.13.6. Executing OPT_RMDFF pass (remove dff with constant values).

2.13.7. Executing OPT_CLEAN pass (remove unused cells and wires).
Finding unused cells or wires in module \hc21_int_handler..

2.13.8. Executing OPT_EXPR pass (perform const folding).
Optimizing module hc21_int_handler.

2.13.9. Finished OPT passes. (There is nothing left to do.)

2.14. Executing FSM pass (extract and optimize FSM).

2.14.1. Executing FSM_DETECT pass (finding FSMs in design).
Not marking hc21_int_handler.addr as FSM state register:
    Register is connected to module port.
    Users of register don't seem to benefit from recoding.

2.14.2. Executing FSM_EXTRACT pass (extracting FSM from design).

2.14.3. Executing FSM_OPT pass (simple optimizations of FSMs).

2.14.4. Executing OPT_CLEAN pass (remove unused cells and wires).
Finding unused cells or wires in module \hc21_int_handler..

2.14.5. Executing FSM_OPT pass (simple optimizations of FSMs).

2.14.6. Executing FSM_RECODE pass (re-assigning FSM state encoding).

2.14.7. Executing FSM_INFO pass (dumping all available information on FSM cells).

2.14.8. Executing FSM_MAP pass (mapping FSMs to basic logic).

2.15. Executing OPT pass (performing simple optimizations).

2.15.1. Executing OPT_EXPR pass (perform const folding).
Optimizing module hc21_int_handler.

2.15.2. Executing OPT_MERGE pass (detect identical cells).
Finding identical cells in module `\hc21_int_handler'.
Removed a total of 0 cells.

2.15.3. Executing OPT_RMDFF pass (remove dff with constant values).

2.15.4. Executing OPT_CLEAN pass (remove unused cells and wires).
Finding unused cells or wires in module \hc21_int_handler..

2.15.5. Finished fast OPT passes.

2.16. Executing MEMORY pass.

2.16.1. Executing MEMORY_DFF pass (merging $dff cells to $memrd and $memwr).

2.16.2. Executing OPT_CLEAN pass (remove unused cells and wires).
Finding unused cells or wires in module \hc21_int_handler..

2.16.3. Executing MEMORY_SHARE pass (consolidating $memrd/$memwr cells).

2.16.4. Executing OPT_CLEAN pass (remove unused cells and wires).
Finding unused cells or wires in module \hc21_int_handler..

2.16.5. Executing MEMORY_COLLECT pass (generating $mem cells).

2.17. Executing OPT_CLEAN pass (remove unused cells and wires).
Finding unused cells or wires in module \hc21_int_handler..

2.18. Executing OPT pass (performing simple optimizations).

2.18.1. Executing OPT_EXPR pass (perform const folding).
Optimizing module hc21_int_handler.
<suppressed ~1 debug messages>

2.18.2. Executing OPT_MERGE pass (detect identical cells).
Finding identical cells in module `\hc21_int_handler'.
Removed a total of 0 cells.

2.18.3. Executing OPT_RMDFF pass (remove dff with constant values).

2.18.4. Executing OPT_CLEAN pass (remove unused cells and wires).
Finding unused cells or wires in module \hc21_int_handler..
Removed 1 unused cells and 1 unused wires.
<suppressed ~2 debug messages>

2.18.5. Finished fast OPT passes.

2.19. Executing MEMORY_MAP pass (converting $mem cells to logic and flip-flops).

2.20. Executing OPT pass (performing simple optimizations).

2.20.1. Executing OPT_EXPR pass (perform const folding).
Optimizing module hc21_int_handler.

2.20.2. Executing OPT_MERGE pass (detect identical cells).
Finding identical cells in module `\hc21_int_handler'.
Removed a total of 0 cells.

2.20.3. Executing OPT_MUXTREE pass (detect dead branches in mux trees).
Running muxtree optimizer on module \hc21_int_handler..
  Creating internal representation of mux trees.
  Evaluating internal representation of mux trees.
  Analyzing evaluation results.
Removed 0 multiplexer ports.
<suppressed ~1 debug messages>

2.20.4. Executing OPT_REDUCE pass (consolidate $*mux and $reduce_* inputs).
  Optimizing cells in module \hc21_int_handler.
Performed a total of 0 changes.

2.20.5. Executing OPT_MERGE pass (detect identical cells).
Finding identical cells in module `\hc21_int_handler'.
Removed a total of 0 cells.

2.20.6. Executing OPT_RMDFF pass (remove dff with constant values).

2.20.7. Executing OPT_CLEAN pass (remove unused cells and wires).
Finding unused cells or wires in module \hc21_int_handler..

2.20.8. Executing OPT_EXPR pass (perform const folding).
Optimizing module hc21_int_handler.

2.20.9. Finished OPT passes. (There is nothing left to do.)

2.21. Executing TECHMAP pass (map to technology primitives).

2.21.1. Executing Verilog-2005 frontend: <techmap.v>
Parsing Verilog input from `<techmap.v>' to AST representation.
Generating RTLIL representation for module `\_90_simplemap_bool_ops'.
Generating RTLIL representation for module `\_90_simplemap_reduce_ops'.
Generating RTLIL representation for module `\_90_simplemap_logic_ops'.
Generating RTLIL representation for module `\_90_simplemap_compare_ops'.
Generating RTLIL representation for module `\_90_simplemap_various'.
Generating RTLIL representation for module `\_90_simplemap_registers'.
Generating RTLIL representation for module `\_90_shift_ops_shr_shl_sshl_sshr'.
Generating RTLIL representation for module `\_90_shift_shiftx'.
Generating RTLIL representation for module `\_90_fa'.
Generating RTLIL representation for module `\_90_lcu'.
Generating RTLIL representation for module `\_90_alu'.
Generating RTLIL representation for module `\_90_macc'.
Generating RTLIL representation for module `\_90_alumacc'.
Generating RTLIL representation for module `\$__div_mod_u'.
Generating RTLIL representation for module `\$__div_mod'.
Generating RTLIL representation for module `\_90_div'.
Generating RTLIL representation for module `\_90_mod'.
Generating RTLIL representation for module `\_90_pow'.
Generating RTLIL representation for module `\_90_pmux'.
Generating RTLIL representation for module `\_90_lut'.
Successfully finished Verilog frontend.

2.21.2. Continuing TECHMAP pass.
Using extmapper simplemap for cells of type $eq.
Using extmapper simplemap for cells of type $and.
Using extmapper simplemap for cells of type $not.
Using template $paramod\_90_pmux\WIDTH=3\S_WIDTH=7 for cells of type $pmux.
Using extmapper simplemap for cells of type $dff.
Using extmapper simplemap for cells of type $reduce_or.
Using extmapper simplemap for cells of type $mux.
No more expansions possible.
<suppressed ~52 debug messages>

2.22. Executing OPT pass (performing simple optimizations).

2.22.1. Executing OPT_EXPR pass (perform const folding).
Optimizing module hc21_int_handler.
<suppressed ~40 debug messages>

2.22.2. Executing OPT_MERGE pass (detect identical cells).
Finding identical cells in module `\hc21_int_handler'.
<suppressed ~198 debug messages>
Removed a total of 66 cells.

2.22.3. Executing OPT_RMDFF pass (remove dff with constant values).

2.22.4. Executing OPT_CLEAN pass (remove unused cells and wires).
Finding unused cells or wires in module \hc21_int_handler..
Removed 0 unused cells and 40 unused wires.
<suppressed ~1 debug messages>

2.22.5. Finished fast OPT passes.

2.23. Executing ABC pass (technology mapping using ABC).

2.23.1. Extracting gate netlist of module `\hc21_int_handler' to `<abc-temp-dir>/input.blif'..
Extracted 70 gates and 84 wires to a netlist network with 13 inputs and 7 outputs.

2.23.1.1. Executing ABC.
Running ABC command: berkeley-abc -s -f <abc-temp-dir>/abc.script 2>&1
ABC: ABC command line: "source <abc-temp-dir>/abc.script".
ABC: 
ABC: + read_blif <abc-temp-dir>/input.blif 
ABC: + read_library <abc-temp-dir>/stdcells.genlib 
ABC: Entered genlib library with 17 gates from file "<abc-temp-dir>/stdcells.genlib".
ABC: + strash 
ABC: + dretime 
ABC: + retime 
ABC: + map 
ABC: + write_blif <abc-temp-dir>/output.blif 

2.23.1.2. Re-integrating ABC results.
ABC RESULTS:               AND cells:        3
ABC RESULTS:            ANDNOT cells:        6
ABC RESULTS:              AOI3 cells:        4
ABC RESULTS:              NAND cells:        8
ABC RESULTS:               NOR cells:        3
ABC RESULTS:                OR cells:       13
ABC RESULTS:             ORNOT cells:        9
ABC RESULTS:        internal signals:       64
ABC RESULTS:           input signals:       13
ABC RESULTS:          output signals:        7
Removing temp directory.

2.24. Executing OPT pass (performing simple optimizations).

2.24.1. Executing OPT_EXPR pass (perform const folding).
Optimizing module hc21_int_handler.

2.24.2. Executing OPT_MERGE pass (detect identical cells).
Finding identical cells in module `\hc21_int_handler'.
Removed a total of 0 cells.

2.24.3. Executing OPT_RMDFF pass (remove dff with constant values).

2.24.4. Executing OPT_CLEAN pass (remove unused cells and wires).
Finding unused cells or wires in module \hc21_int_handler..
Removed 0 unused cells and 67 unused wires.
<suppressed ~1 debug messages>

2.24.5. Finished fast OPT passes.

2.25. Executing HIERARCHY pass (managing design hierarchy).

2.26. Printing statistics.

=== hc21_int_handler ===

   Number of wires:                 52
   Number of wire bits:             66
   Number of public wires:           9
   Number of public wire bits:      20
   Number of memories:               0
   Number of memory bits:            0
   Number of processes:              0
   Number of cells:                 54
     $_ANDNOT_                       6
     $_AND_                          3
     $_AOI3_                         4
     $_DFF_P_                        8
     $_NAND_                         8
     $_NOR_                          3
     $_ORNOT_                        9
     $_OR_                          13

2.27. Executing CHECK pass (checking for obvious problems).
checking module hc21_int_handler..
found and reported 0 problems.

-- Writing to `output/hc21_int_handler.blif' using backend `blif' --

3. Executing BLIF backend.

Warnings: 15 unique messages, 15 total
End of script. Logfile hash: 7b749d50f8
CPU: user 0.10s system 0.00s, MEM: 16.21 MB total, 10.84 MB resident
Yosys 0.9 (git sha1 1979e0b)
Time spent: 21% 13x opt_clean (0 sec), 16% 11x opt_expr (0 sec), ...
